  Source.cpp
C:\Users\user\source\repos\Project1\particle_test\Project1\Source.cpp(1,1): warning C4819: 檔案含有無法在目前字碼頁 (950) 中表示的字元。請以 Unicode 格式儲存檔案以防止資料遺失
C:\Users\user\source\repos\Project1\particle_test\Project1\Source.cpp(15,30): warning C4551: 函式呼叫遺漏引數清單
C:\Users\user\source\repos\Project1\particle_test\Project1\Source.cpp(52,42): warning C4244: '引數': 將 '_Tp' 轉換為 '_Tp'，由於類型不同，可能導致資料遺失
          with
          [
              _Tp=float
          ]
          and
          [
              _Tp=int
          ]
C:\Users\user\source\repos\Project1\particle_test\Project1\Source.cpp(52,35): warning C4244: '引數': 將 '_Tp' 轉換為 '_Tp'，由於類型不同，可能導致資料遺失
          with
          [
              _Tp=float
          ]
          and
          [
              _Tp=int
          ]
C:\Users\user\source\repos\Project1\particle_test\Project1\Source.cpp(52,50): warning C4244: '引數': 將 '_Tp' 轉換為 'int'，由於類型不同，可能導致資料遺失
          with
          [
              _Tp=float
          ]
C:\Users\user\source\repos\Project1\particle_test\Project1\Source.cpp(54,42): warning C4244: '引數': 將 '_Tp' 轉換為 '_Tp'，由於類型不同，可能導致資料遺失
          with
          [
              _Tp=float
          ]
          and
          [
              _Tp=int
          ]
C:\Users\user\source\repos\Project1\particle_test\Project1\Source.cpp(54,35): warning C4244: '引數': 將 '_Tp' 轉換為 '_Tp'，由於類型不同，可能導致資料遺失
          with
          [
              _Tp=float
          ]
          and
          [
              _Tp=int
          ]
C:\Users\user\source\repos\Project1\particle_test\Project1\Source.cpp(58,64): warning C4244: '引數': 將 '_Tp' 轉換為 '_Tp'，由於類型不同，可能導致資料遺失
          with
          [
              _Tp=float
          ]
          and
          [
              _Tp=int
          ]
C:\Users\user\source\repos\Project1\particle_test\Project1\Source.cpp(58,55): warning C4244: '引數': 將 '_Tp' 轉換為 '_Tp'，由於類型不同，可能導致資料遺失
          with
          [
              _Tp=float
          ]
          and
          [
              _Tp=int
          ]
C:\Users\user\source\repos\Project1\particle_test\Project1\Source.cpp(58,41): warning C4244: '引數': 將 '_Tp' 轉換為 '_Tp'，由於類型不同，可能導致資料遺失
          with
          [
              _Tp=float
          ]
          and
          [
              _Tp=int
          ]
C:\Users\user\source\repos\Project1\particle_test\Project1\Source.cpp(58,28): warning C4244: '引數': 將 '_Tp' 轉換為 '_Tp'，由於類型不同，可能導致資料遺失
          with
          [
              _Tp=float
          ]
          and
          [
              _Tp=int
          ]
  Project1.vcxproj -> C:\Users\user\source\repos\Project1\particle_test\x64\Debug\Project1.exe
